2022-05-07 10:37:19,331 - mmcls - INFO - Environment info:
------------------------------------------------------------
sys.platform: linux
Python: 3.8.0 (default, Nov  6 2019, 21:49:08) [GCC 7.3.0]
CUDA available: True
GPU 0: NVIDIA GeForce GTX 1650
CUDA_HOME: /usr/local/cuda
NVCC: Cuda compilation tools, release 10.2, V10.2.8
GCC: gcc (Ubuntu 7.5.0-3ubuntu1~18.04) 7.5.0
PyTorch: 1.8.2
PyTorch compiling details: PyTorch built with:
  - GCC 7.3
  - C++ Version: 201402
  - Intel(R) oneAPI Math Kernel Library Version 2021.4-Product Build 20210904 for Intel(R) 64 architecture applications
  - Intel(R) MKL-DNN v1.7.0 (Git Hash 7aed236906b1f7a05c0917e5257a1af05e9ff683)
  - OpenMP 201511 (a.k.a. OpenMP 4.5)
  - NNPACK is enabled
  - CPU capability usage: AVX2
  - CUDA Runtime 10.2
  - NVCC architecture flags: -gencode;arch=compute_37,code=sm_37;-gencode;arch=compute_50,code=sm_50;-gencode;arch=compute_60,code=sm_60;-gencode;arch=compute_61,code=sm_61;-gencode;arch=compute_70,code=sm_70;-gencode;arch=compute_75,code=sm_75;-gencode;arch=compute_37,code=compute_37
  - CuDNN 7.6.5
  - Magma 2.5.2
  - Build settings: BLAS_INFO=mkl, BUILD_TYPE=Release, CUDA_VERSION=10.2, CUDNN_VERSION=7.6.5, CXX_COMPILER=/opt/rh/devtoolset-7/root/usr/bin/c++, CXX_FLAGS= -Wno-deprecated -fvisibility-inlines-hidden -DUSE_PTHREADPOOL -fopenmp -DNDEBUG -DUSE_KINETO -DUSE_FBGEMM -DUSE_QNNPACK -DUSE_PYTORCH_QNNPACK -DUSE_XNNPACK -O2 -fPIC -Wno-narrowing -Wall -Wextra -Werror=return-type -Wno-missing-field-initializers -Wno-type-limits -Wno-array-bounds -Wno-unknown-pragmas -Wno-sign-compare -Wno-unused-parameter -Wno-unused-variable -Wno-unused-function -Wno-unused-result -Wno-unused-local-typedefs -Wno-strict-overflow -Wno-strict-aliasing -Wno-error=deprecated-declarations -Wno-stringop-overflow -Wno-psabi -Wno-error=pedantic -Wno-error=redundant-decls -Wno-error=old-style-cast -fdiagnostics-color=always -faligned-new -Wno-unused-but-set-variable -Wno-maybe-uninitialized -fno-math-errno -fno-trapping-math -Werror=format -Wno-stringop-overflow, LAPACK_INFO=mkl, PERF_WITH_AVX=1, PERF_WITH_AVX2=1, PERF_WITH_AVX512=1, TORCH_VERSION=1.8.2, USE_CUDA=ON, USE_CUDNN=ON, USE_EXCEPTION_PTR=1, USE_GFLAGS=OFF, USE_GLOG=OFF, USE_MKL=ON, USE_MKLDNN=ON, USE_MPI=OFF, USE_NCCL=ON, USE_NNPACK=ON, USE_OPENMP=ON, 

TorchVision: 0.9.2
OpenCV: 4.5.5
MMCV: 1.5.0
MMCV Compiler: GCC 7.5
MMCV CUDA Compiler: 10.2
MMClassification: 0.23.0+cfcbca4
------------------------------------------------------------

2022-05-07 10:37:19,332 - mmcls - INFO - Distributed training: False
2022-05-07 10:37:19,423 - mmcls - INFO - Config:
model = dict(
    type='ImageClassifier',
    backbone=dict(
        type='ResNet',
        depth=50,
        num_stages=4,
        out_indices=(3, ),
        style='pytorch',
        frozen_stages=3,
        init_cfg=dict(
            type='Pretrained',
            checkpoint='checkpoint/resnet50_8xb32_in1k_20210831-ea4938fc.pth',
            prefix='backbone')),
    neck=dict(type='GlobalAveragePooling'),
    head=dict(
        type='LinearClsHead',
        num_classes=5,
        in_channels=2048,
        loss=dict(type='CrossEntropyLoss', loss_weight=1.0),
        topk=(1, )))
optimizer = dict(type='SGD', lr=0.005, momentum=0.9, weight_decay=0.0001)
optimizer_config = dict(grad_clip=None)
lr_config = dict(policy='step', step=3, gamma=0.1)
runner = dict(type='EpochBasedRunner', max_epochs=5)
checkpoint_config = dict(interval=1)
log_config = dict(interval=10, hooks=[dict(type='TextLoggerHook')])
dist_params = dict(backend='nccl')
log_level = 'INFO'
load_from = 'checkpoint/resnet50_8xb32_in1k_20210831-ea4938fc.pth'
resume_from = None
workflow = [('train', 1)]
checkpoint_path = 'checkpoint/resnet50_8xb32_in1k_20210831-ea4938fc.pth'
dataset_type = 'ImageNet'
img_norm_cfg = dict(
    mean=[123.675, 116.28, 103.53], std=[58.395, 57.12, 57.375], to_rgb=True)
train_pipeline = [
    dict(type='LoadImageFromFile'),
    dict(type='RandomResizedCrop', size=224),
    dict(type='RandomFlip', flip_prob=0.5, direction='horizontal'),
    dict(
        type='Normalize',
        mean=[123.675, 116.28, 103.53],
        std=[58.395, 57.12, 57.375],
        to_rgb=True),
    dict(type='ImageToTensor', keys=['img']),
    dict(type='ToTensor', keys=['gt_label']),
    dict(type='Collect', keys=['img', 'gt_label'])
]
test_pipeline = [
    dict(type='LoadImageFromFile'),
    dict(type='Resize', size=(256, -1)),
    dict(type='CenterCrop', crop_size=224),
    dict(
        type='Normalize',
        mean=[123.675, 116.28, 103.53],
        std=[58.395, 57.12, 57.375],
        to_rgb=True),
    dict(type='ImageToTensor', keys=['img']),
    dict(type='Collect', keys=['img'])
]
data = dict(
    samples_per_gpu=32,
    workers_per_gpu=4,
    train=dict(
        type='ImageNet',
        data_prefix='data/flower_data/train',
        ann_file='data/flower_data/train_annotations.txt',
        classes='data/flower_data/classes.txt',
        pipeline=[
            dict(type='LoadImageFromFile'),
            dict(type='RandomResizedCrop', size=224),
            dict(type='RandomFlip', flip_prob=0.5, direction='horizontal'),
            dict(
                type='Normalize',
                mean=[123.675, 116.28, 103.53],
                std=[58.395, 57.12, 57.375],
                to_rgb=True),
            dict(type='ImageToTensor', keys=['img']),
            dict(type='ToTensor', keys=['gt_label']),
            dict(type='Collect', keys=['img', 'gt_label'])
        ]),
    val=dict(
        type='ImageNet',
        data_prefix='data/flower_data/val',
        ann_file='data/flower_data/val_annotations.txt',
        classes='data/flower_data/classes.txt',
        pipeline=[
            dict(type='LoadImageFromFile'),
            dict(type='Resize', size=(256, -1)),
            dict(type='CenterCrop', crop_size=224),
            dict(
                type='Normalize',
                mean=[123.675, 116.28, 103.53],
                std=[58.395, 57.12, 57.375],
                to_rgb=True),
            dict(type='ImageToTensor', keys=['img']),
            dict(type='Collect', keys=['img'])
        ]))
evaluation = dict(metric='accuracy', metric_options=dict(topk=(1, )))
work_dir = './work_dirs/resnet50_1xb32_flower'
gpu_ids = [0]

2022-05-07 10:37:19,423 - mmcls - INFO - Set random seed to 1304070403, deterministic: False
2022-05-07 10:37:19,586 - mmcls - INFO - initialize ResNet with init_cfg {'type': 'Pretrained', 'checkpoint': 'checkpoint/resnet50_8xb32_in1k_20210831-ea4938fc.pth', 'prefix': 'backbone'}
2022-05-07 10:37:19,736 - mmcls - INFO - initialize LinearClsHead with init_cfg {'type': 'Normal', 'layer': 'Linear', 'std': 0.01}
Name of parameter - Initialization information

backbone.conv1.weight - torch.Size([64, 3, 7, 7]): 
PretrainedInit: load from checkpoint/resnet50_8xb32_in1k_20210831-ea4938fc.pth 

backbone.bn1.weight - torch.Size([64]): 
PretrainedInit: load from checkpoint/resnet50_8xb32_in1k_20210831-ea4938fc.pth 

backbone.bn1.bias - torch.Size([64]): 
PretrainedInit: load from checkpoint/resnet50_8xb32_in1k_20210831-ea4938fc.pth 

backbone.layer1.0.conv1.weight - torch.Size([64, 64, 1, 1]): 
PretrainedInit: load from checkpoint/resnet50_8xb32_in1k_20210831-ea4938fc.pth 

backbone.layer1.0.bn1.weight - torch.Size([64]): 
PretrainedInit: load from checkpoint/resnet50_8xb32_in1k_20210831-ea4938fc.pth 

backbone.layer1.0.bn1.bias - torch.Size([64]): 
PretrainedInit: load from checkpoint/resnet50_8xb32_in1k_20210831-ea4938fc.pth 

backbone.layer1.0.conv2.weight - torch.Size([64, 64, 3, 3]): 
PretrainedInit: load from checkpoint/resnet50_8xb32_in1k_20210831-ea4938fc.pth 

backbone.layer1.0.bn2.weight - torch.Size([64]): 
PretrainedInit: load from checkpoint/resnet50_8xb32_in1k_20210831-ea4938fc.pth 

backbone.layer1.0.bn2.bias - torch.Size([64]): 
PretrainedInit: load from checkpoint/resnet50_8xb32_in1k_20210831-ea4938fc.pth 

backbone.layer1.0.conv3.weight - torch.Size([256, 64, 1, 1]): 
PretrainedInit: load from checkpoint/resnet50_8xb32_in1k_20210831-ea4938fc.pth 

backbone.layer1.0.bn3.weight - torch.Size([256]): 
PretrainedInit: load from checkpoint/resnet50_8xb32_in1k_20210831-ea4938fc.pth 

backbone.layer1.0.bn3.bias - torch.Size([256]): 
PretrainedInit: load from checkpoint/resnet50_8xb32_in1k_20210831-ea4938fc.pth 

backbone.layer1.0.downsample.0.weight - torch.Size([256, 64, 1, 1]): 
PretrainedInit: load from checkpoint/resnet50_8xb32_in1k_20210831-ea4938fc.pth 

backbone.layer1.0.downsample.1.weight - torch.Size([256]): 
PretrainedInit: load from checkpoint/resnet50_8xb32_in1k_20210831-ea4938fc.pth 

backbone.layer1.0.downsample.1.bias - torch.Size([256]): 
PretrainedInit: load from checkpoint/resnet50_8xb32_in1k_20210831-ea4938fc.pth 

backbone.layer1.1.conv1.weight - torch.Size([64, 256, 1, 1]): 
PretrainedInit: load from checkpoint/resnet50_8xb32_in1k_20210831-ea4938fc.pth 

backbone.layer1.1.bn1.weight - torch.Size([64]): 
PretrainedInit: load from checkpoint/resnet50_8xb32_in1k_20210831-ea4938fc.pth 

backbone.layer1.1.bn1.bias - torch.Size([64]): 
PretrainedInit: load from checkpoint/resnet50_8xb32_in1k_20210831-ea4938fc.pth 

backbone.layer1.1.conv2.weight - torch.Size([64, 64, 3, 3]): 
PretrainedInit: load from checkpoint/resnet50_8xb32_in1k_20210831-ea4938fc.pth 

backbone.layer1.1.bn2.weight - torch.Size([64]): 
PretrainedInit: load from checkpoint/resnet50_8xb32_in1k_20210831-ea4938fc.pth 

backbone.layer1.1.bn2.bias - torch.Size([64]): 
PretrainedInit: load from checkpoint/resnet50_8xb32_in1k_20210831-ea4938fc.pth 

backbone.layer1.1.conv3.weight - torch.Size([256, 64, 1, 1]): 
PretrainedInit: load from checkpoint/resnet50_8xb32_in1k_20210831-ea4938fc.pth 

backbone.layer1.1.bn3.weight - torch.Size([256]): 
PretrainedInit: load from checkpoint/resnet50_8xb32_in1k_20210831-ea4938fc.pth 

backbone.layer1.1.bn3.bias - torch.Size([256]): 
PretrainedInit: load from checkpoint/resnet50_8xb32_in1k_20210831-ea4938fc.pth 

backbone.layer1.2.conv1.weight - torch.Size([64, 256, 1, 1]): 
PretrainedInit: load from checkpoint/resnet50_8xb32_in1k_20210831-ea4938fc.pth 

backbone.layer1.2.bn1.weight - torch.Size([64]): 
PretrainedInit: load from checkpoint/resnet50_8xb32_in1k_20210831-ea4938fc.pth 

backbone.layer1.2.bn1.bias - torch.Size([64]): 
PretrainedInit: load from checkpoint/resnet50_8xb32_in1k_20210831-ea4938fc.pth 

backbone.layer1.2.conv2.weight - torch.Size([64, 64, 3, 3]): 
PretrainedInit: load from checkpoint/resnet50_8xb32_in1k_20210831-ea4938fc.pth 

backbone.layer1.2.bn2.weight - torch.Size([64]): 
PretrainedInit: load from checkpoint/resnet50_8xb32_in1k_20210831-ea4938fc.pth 

backbone.layer1.2.bn2.bias - torch.Size([64]): 
PretrainedInit: load from checkpoint/resnet50_8xb32_in1k_20210831-ea4938fc.pth 

backbone.layer1.2.conv3.weight - torch.Size([256, 64, 1, 1]): 
PretrainedInit: load from checkpoint/resnet50_8xb32_in1k_20210831-ea4938fc.pth 

backbone.layer1.2.bn3.weight - torch.Size([256]): 
PretrainedInit: load from checkpoint/resnet50_8xb32_in1k_20210831-ea4938fc.pth 

backbone.layer1.2.bn3.bias - torch.Size([256]): 
PretrainedInit: load from checkpoint/resnet50_8xb32_in1k_20210831-ea4938fc.pth 

backbone.layer2.0.conv1.weight - torch.Size([128, 256, 1, 1]): 
PretrainedInit: load from checkpoint/resnet50_8xb32_in1k_20210831-ea4938fc.pth 

backbone.layer2.0.bn1.weight - torch.Size([128]): 
PretrainedInit: load from checkpoint/resnet50_8xb32_in1k_20210831-ea4938fc.pth 

backbone.layer2.0.bn1.bias - torch.Size([128]): 
PretrainedInit: load from checkpoint/resnet50_8xb32_in1k_20210831-ea4938fc.pth 

backbone.layer2.0.conv2.weight - torch.Size([128, 128, 3, 3]): 
PretrainedInit: load from checkpoint/resnet50_8xb32_in1k_20210831-ea4938fc.pth 

backbone.layer2.0.bn2.weight - torch.Size([128]): 
PretrainedInit: load from checkpoint/resnet50_8xb32_in1k_20210831-ea4938fc.pth 

backbone.layer2.0.bn2.bias - torch.Size([128]): 
PretrainedInit: load from checkpoint/resnet50_8xb32_in1k_20210831-ea4938fc.pth 

backbone.layer2.0.conv3.weight - torch.Size([512, 128, 1, 1]): 
PretrainedInit: load from checkpoint/resnet50_8xb32_in1k_20210831-ea4938fc.pth 

backbone.layer2.0.bn3.weight - torch.Size([512]): 
PretrainedInit: load from checkpoint/resnet50_8xb32_in1k_20210831-ea4938fc.pth 

backbone.layer2.0.bn3.bias - torch.Size([512]): 
PretrainedInit: load from checkpoint/resnet50_8xb32_in1k_20210831-ea4938fc.pth 

backbone.layer2.0.downsample.0.weight - torch.Size([512, 256, 1, 1]): 
PretrainedInit: load from checkpoint/resnet50_8xb32_in1k_20210831-ea4938fc.pth 

backbone.layer2.0.downsample.1.weight - torch.Size([512]): 
PretrainedInit: load from checkpoint/resnet50_8xb32_in1k_20210831-ea4938fc.pth 

backbone.layer2.0.downsample.1.bias - torch.Size([512]): 
PretrainedInit: load from checkpoint/resnet50_8xb32_in1k_20210831-ea4938fc.pth 

backbone.layer2.1.conv1.weight - torch.Size([128, 512, 1, 1]): 
PretrainedInit: load from checkpoint/resnet50_8xb32_in1k_20210831-ea4938fc.pth 

backbone.layer2.1.bn1.weight - torch.Size([128]): 
PretrainedInit: load from checkpoint/resnet50_8xb32_in1k_20210831-ea4938fc.pth 

backbone.layer2.1.bn1.bias - torch.Size([128]): 
PretrainedInit: load from checkpoint/resnet50_8xb32_in1k_20210831-ea4938fc.pth 

backbone.layer2.1.conv2.weight - torch.Size([128, 128, 3, 3]): 
PretrainedInit: load from checkpoint/resnet50_8xb32_in1k_20210831-ea4938fc.pth 

backbone.layer2.1.bn2.weight - torch.Size([128]): 
PretrainedInit: load from checkpoint/resnet50_8xb32_in1k_20210831-ea4938fc.pth 

backbone.layer2.1.bn2.bias - torch.Size([128]): 
PretrainedInit: load from checkpoint/resnet50_8xb32_in1k_20210831-ea4938fc.pth 

backbone.layer2.1.conv3.weight - torch.Size([512, 128, 1, 1]): 
PretrainedInit: load from checkpoint/resnet50_8xb32_in1k_20210831-ea4938fc.pth 

backbone.layer2.1.bn3.weight - torch.Size([512]): 
PretrainedInit: load from checkpoint/resnet50_8xb32_in1k_20210831-ea4938fc.pth 

backbone.layer2.1.bn3.bias - torch.Size([512]): 
PretrainedInit: load from checkpoint/resnet50_8xb32_in1k_20210831-ea4938fc.pth 

backbone.layer2.2.conv1.weight - torch.Size([128, 512, 1, 1]): 
PretrainedInit: load from checkpoint/resnet50_8xb32_in1k_20210831-ea4938fc.pth 

backbone.layer2.2.bn1.weight - torch.Size([128]): 
PretrainedInit: load from checkpoint/resnet50_8xb32_in1k_20210831-ea4938fc.pth 

backbone.layer2.2.bn1.bias - torch.Size([128]): 
PretrainedInit: load from checkpoint/resnet50_8xb32_in1k_20210831-ea4938fc.pth 

backbone.layer2.2.conv2.weight - torch.Size([128, 128, 3, 3]): 
PretrainedInit: load from checkpoint/resnet50_8xb32_in1k_20210831-ea4938fc.pth 

backbone.layer2.2.bn2.weight - torch.Size([128]): 
PretrainedInit: load from checkpoint/resnet50_8xb32_in1k_20210831-ea4938fc.pth 

backbone.layer2.2.bn2.bias - torch.Size([128]): 
PretrainedInit: load from checkpoint/resnet50_8xb32_in1k_20210831-ea4938fc.pth 

backbone.layer2.2.conv3.weight - torch.Size([512, 128, 1, 1]): 
PretrainedInit: load from checkpoint/resnet50_8xb32_in1k_20210831-ea4938fc.pth 

backbone.layer2.2.bn3.weight - torch.Size([512]): 
PretrainedInit: load from checkpoint/resnet50_8xb32_in1k_20210831-ea4938fc.pth 

backbone.layer2.2.bn3.bias - torch.Size([512]): 
PretrainedInit: load from checkpoint/resnet50_8xb32_in1k_20210831-ea4938fc.pth 

backbone.layer2.3.conv1.weight - torch.Size([128, 512, 1, 1]): 
PretrainedInit: load from checkpoint/resnet50_8xb32_in1k_20210831-ea4938fc.pth 

backbone.layer2.3.bn1.weight - torch.Size([128]): 
PretrainedInit: load from checkpoint/resnet50_8xb32_in1k_20210831-ea4938fc.pth 

backbone.layer2.3.bn1.bias - torch.Size([128]): 
PretrainedInit: load from checkpoint/resnet50_8xb32_in1k_20210831-ea4938fc.pth 

backbone.layer2.3.conv2.weight - torch.Size([128, 128, 3, 3]): 
PretrainedInit: load from checkpoint/resnet50_8xb32_in1k_20210831-ea4938fc.pth 

backbone.layer2.3.bn2.weight - torch.Size([128]): 
PretrainedInit: load from checkpoint/resnet50_8xb32_in1k_20210831-ea4938fc.pth 

backbone.layer2.3.bn2.bias - torch.Size([128]): 
PretrainedInit: load from checkpoint/resnet50_8xb32_in1k_20210831-ea4938fc.pth 

backbone.layer2.3.conv3.weight - torch.Size([512, 128, 1, 1]): 
PretrainedInit: load from checkpoint/resnet50_8xb32_in1k_20210831-ea4938fc.pth 

backbone.layer2.3.bn3.weight - torch.Size([512]): 
PretrainedInit: load from checkpoint/resnet50_8xb32_in1k_20210831-ea4938fc.pth 

backbone.layer2.3.bn3.bias - torch.Size([512]): 
PretrainedInit: load from checkpoint/resnet50_8xb32_in1k_20210831-ea4938fc.pth 

backbone.layer3.0.conv1.weight - torch.Size([256, 512, 1, 1]): 
PretrainedInit: load from checkpoint/resnet50_8xb32_in1k_20210831-ea4938fc.pth 

backbone.layer3.0.bn1.weight - torch.Size([256]): 
PretrainedInit: load from checkpoint/resnet50_8xb32_in1k_20210831-ea4938fc.pth 

backbone.layer3.0.bn1.bias - torch.Size([256]): 
PretrainedInit: load from checkpoint/resnet50_8xb32_in1k_20210831-ea4938fc.pth 

backbone.layer3.0.conv2.weight - torch.Size([256, 256, 3, 3]): 
PretrainedInit: load from checkpoint/resnet50_8xb32_in1k_20210831-ea4938fc.pth 

backbone.layer3.0.bn2.weight - torch.Size([256]): 
PretrainedInit: load from checkpoint/resnet50_8xb32_in1k_20210831-ea4938fc.pth 

backbone.layer3.0.bn2.bias - torch.Size([256]): 
PretrainedInit: load from checkpoint/resnet50_8xb32_in1k_20210831-ea4938fc.pth 

backbone.layer3.0.conv3.weight - torch.Size([1024, 256, 1, 1]): 
PretrainedInit: load from checkpoint/resnet50_8xb32_in1k_20210831-ea4938fc.pth 

backbone.layer3.0.bn3.weight - torch.Size([1024]): 
PretrainedInit: load from checkpoint/resnet50_8xb32_in1k_20210831-ea4938fc.pth 

backbone.layer3.0.bn3.bias - torch.Size([1024]): 
PretrainedInit: load from checkpoint/resnet50_8xb32_in1k_20210831-ea4938fc.pth 

backbone.layer3.0.downsample.0.weight - torch.Size([1024, 512, 1, 1]): 
PretrainedInit: load from checkpoint/resnet50_8xb32_in1k_20210831-ea4938fc.pth 

backbone.layer3.0.downsample.1.weight - torch.Size([1024]): 
PretrainedInit: load from checkpoint/resnet50_8xb32_in1k_20210831-ea4938fc.pth 

backbone.layer3.0.downsample.1.bias - torch.Size([1024]): 
PretrainedInit: load from checkpoint/resnet50_8xb32_in1k_20210831-ea4938fc.pth 

backbone.layer3.1.conv1.weight - torch.Size([256, 1024, 1, 1]): 
PretrainedInit: load from checkpoint/resnet50_8xb32_in1k_20210831-ea4938fc.pth 

backbone.layer3.1.bn1.weight - torch.Size([256]): 
PretrainedInit: load from checkpoint/resnet50_8xb32_in1k_20210831-ea4938fc.pth 

backbone.layer3.1.bn1.bias - torch.Size([256]): 
PretrainedInit: load from checkpoint/resnet50_8xb32_in1k_20210831-ea4938fc.pth 

backbone.layer3.1.conv2.weight - torch.Size([256, 256, 3, 3]): 
PretrainedInit: load from checkpoint/resnet50_8xb32_in1k_20210831-ea4938fc.pth 

backbone.layer3.1.bn2.weight - torch.Size([256]): 
PretrainedInit: load from checkpoint/resnet50_8xb32_in1k_20210831-ea4938fc.pth 

backbone.layer3.1.bn2.bias - torch.Size([256]): 
PretrainedInit: load from checkpoint/resnet50_8xb32_in1k_20210831-ea4938fc.pth 

backbone.layer3.1.conv3.weight - torch.Size([1024, 256, 1, 1]): 
PretrainedInit: load from checkpoint/resnet50_8xb32_in1k_20210831-ea4938fc.pth 

backbone.layer3.1.bn3.weight - torch.Size([1024]): 
PretrainedInit: load from checkpoint/resnet50_8xb32_in1k_20210831-ea4938fc.pth 

backbone.layer3.1.bn3.bias - torch.Size([1024]): 
PretrainedInit: load from checkpoint/resnet50_8xb32_in1k_20210831-ea4938fc.pth 

backbone.layer3.2.conv1.weight - torch.Size([256, 1024, 1, 1]): 
PretrainedInit: load from checkpoint/resnet50_8xb32_in1k_20210831-ea4938fc.pth 

backbone.layer3.2.bn1.weight - torch.Size([256]): 
PretrainedInit: load from checkpoint/resnet50_8xb32_in1k_20210831-ea4938fc.pth 

backbone.layer3.2.bn1.bias - torch.Size([256]): 
PretrainedInit: load from checkpoint/resnet50_8xb32_in1k_20210831-ea4938fc.pth 

backbone.layer3.2.conv2.weight - torch.Size([256, 256, 3, 3]): 
PretrainedInit: load from checkpoint/resnet50_8xb32_in1k_20210831-ea4938fc.pth 

backbone.layer3.2.bn2.weight - torch.Size([256]): 
PretrainedInit: load from checkpoint/resnet50_8xb32_in1k_20210831-ea4938fc.pth 

backbone.layer3.2.bn2.bias - torch.Size([256]): 
PretrainedInit: load from checkpoint/resnet50_8xb32_in1k_20210831-ea4938fc.pth 

backbone.layer3.2.conv3.weight - torch.Size([1024, 256, 1, 1]): 
PretrainedInit: load from checkpoint/resnet50_8xb32_in1k_20210831-ea4938fc.pth 

backbone.layer3.2.bn3.weight - torch.Size([1024]): 
PretrainedInit: load from checkpoint/resnet50_8xb32_in1k_20210831-ea4938fc.pth 

backbone.layer3.2.bn3.bias - torch.Size([1024]): 
PretrainedInit: load from checkpoint/resnet50_8xb32_in1k_20210831-ea4938fc.pth 

backbone.layer3.3.conv1.weight - torch.Size([256, 1024, 1, 1]): 
PretrainedInit: load from checkpoint/resnet50_8xb32_in1k_20210831-ea4938fc.pth 

backbone.layer3.3.bn1.weight - torch.Size([256]): 
PretrainedInit: load from checkpoint/resnet50_8xb32_in1k_20210831-ea4938fc.pth 

backbone.layer3.3.bn1.bias - torch.Size([256]): 
PretrainedInit: load from checkpoint/resnet50_8xb32_in1k_20210831-ea4938fc.pth 

backbone.layer3.3.conv2.weight - torch.Size([256, 256, 3, 3]): 
PretrainedInit: load from checkpoint/resnet50_8xb32_in1k_20210831-ea4938fc.pth 

backbone.layer3.3.bn2.weight - torch.Size([256]): 
PretrainedInit: load from checkpoint/resnet50_8xb32_in1k_20210831-ea4938fc.pth 

backbone.layer3.3.bn2.bias - torch.Size([256]): 
PretrainedInit: load from checkpoint/resnet50_8xb32_in1k_20210831-ea4938fc.pth 

backbone.layer3.3.conv3.weight - torch.Size([1024, 256, 1, 1]): 
PretrainedInit: load from checkpoint/resnet50_8xb32_in1k_20210831-ea4938fc.pth 

backbone.layer3.3.bn3.weight - torch.Size([1024]): 
PretrainedInit: load from checkpoint/resnet50_8xb32_in1k_20210831-ea4938fc.pth 

backbone.layer3.3.bn3.bias - torch.Size([1024]): 
PretrainedInit: load from checkpoint/resnet50_8xb32_in1k_20210831-ea4938fc.pth 

backbone.layer3.4.conv1.weight - torch.Size([256, 1024, 1, 1]): 
PretrainedInit: load from checkpoint/resnet50_8xb32_in1k_20210831-ea4938fc.pth 

backbone.layer3.4.bn1.weight - torch.Size([256]): 
PretrainedInit: load from checkpoint/resnet50_8xb32_in1k_20210831-ea4938fc.pth 

backbone.layer3.4.bn1.bias - torch.Size([256]): 
PretrainedInit: load from checkpoint/resnet50_8xb32_in1k_20210831-ea4938fc.pth 

backbone.layer3.4.conv2.weight - torch.Size([256, 256, 3, 3]): 
PretrainedInit: load from checkpoint/resnet50_8xb32_in1k_20210831-ea4938fc.pth 

backbone.layer3.4.bn2.weight - torch.Size([256]): 
PretrainedInit: load from checkpoint/resnet50_8xb32_in1k_20210831-ea4938fc.pth 

backbone.layer3.4.bn2.bias - torch.Size([256]): 
PretrainedInit: load from checkpoint/resnet50_8xb32_in1k_20210831-ea4938fc.pth 

backbone.layer3.4.conv3.weight - torch.Size([1024, 256, 1, 1]): 
PretrainedInit: load from checkpoint/resnet50_8xb32_in1k_20210831-ea4938fc.pth 

backbone.layer3.4.bn3.weight - torch.Size([1024]): 
PretrainedInit: load from checkpoint/resnet50_8xb32_in1k_20210831-ea4938fc.pth 

backbone.layer3.4.bn3.bias - torch.Size([1024]): 
PretrainedInit: load from checkpoint/resnet50_8xb32_in1k_20210831-ea4938fc.pth 

backbone.layer3.5.conv1.weight - torch.Size([256, 1024, 1, 1]): 
PretrainedInit: load from checkpoint/resnet50_8xb32_in1k_20210831-ea4938fc.pth 

backbone.layer3.5.bn1.weight - torch.Size([256]): 
PretrainedInit: load from checkpoint/resnet50_8xb32_in1k_20210831-ea4938fc.pth 

backbone.layer3.5.bn1.bias - torch.Size([256]): 
PretrainedInit: load from checkpoint/resnet50_8xb32_in1k_20210831-ea4938fc.pth 

backbone.layer3.5.conv2.weight - torch.Size([256, 256, 3, 3]): 
PretrainedInit: load from checkpoint/resnet50_8xb32_in1k_20210831-ea4938fc.pth 

backbone.layer3.5.bn2.weight - torch.Size([256]): 
PretrainedInit: load from checkpoint/resnet50_8xb32_in1k_20210831-ea4938fc.pth 

backbone.layer3.5.bn2.bias - torch.Size([256]): 
PretrainedInit: load from checkpoint/resnet50_8xb32_in1k_20210831-ea4938fc.pth 

backbone.layer3.5.conv3.weight - torch.Size([1024, 256, 1, 1]): 
PretrainedInit: load from checkpoint/resnet50_8xb32_in1k_20210831-ea4938fc.pth 

backbone.layer3.5.bn3.weight - torch.Size([1024]): 
PretrainedInit: load from checkpoint/resnet50_8xb32_in1k_20210831-ea4938fc.pth 

backbone.layer3.5.bn3.bias - torch.Size([1024]): 
PretrainedInit: load from checkpoint/resnet50_8xb32_in1k_20210831-ea4938fc.pth 

backbone.layer4.0.conv1.weight - torch.Size([512, 1024, 1, 1]): 
PretrainedInit: load from checkpoint/resnet50_8xb32_in1k_20210831-ea4938fc.pth 

backbone.layer4.0.bn1.weight - torch.Size([512]): 
PretrainedInit: load from checkpoint/resnet50_8xb32_in1k_20210831-ea4938fc.pth 

backbone.layer4.0.bn1.bias - torch.Size([512]): 
PretrainedInit: load from checkpoint/resnet50_8xb32_in1k_20210831-ea4938fc.pth 

backbone.layer4.0.conv2.weight - torch.Size([512, 512, 3, 3]): 
PretrainedInit: load from checkpoint/resnet50_8xb32_in1k_20210831-ea4938fc.pth 

backbone.layer4.0.bn2.weight - torch.Size([512]): 
PretrainedInit: load from checkpoint/resnet50_8xb32_in1k_20210831-ea4938fc.pth 

backbone.layer4.0.bn2.bias - torch.Size([512]): 
PretrainedInit: load from checkpoint/resnet50_8xb32_in1k_20210831-ea4938fc.pth 

backbone.layer4.0.conv3.weight - torch.Size([2048, 512, 1, 1]): 
PretrainedInit: load from checkpoint/resnet50_8xb32_in1k_20210831-ea4938fc.pth 

backbone.layer4.0.bn3.weight - torch.Size([2048]): 
PretrainedInit: load from checkpoint/resnet50_8xb32_in1k_20210831-ea4938fc.pth 

backbone.layer4.0.bn3.bias - torch.Size([2048]): 
PretrainedInit: load from checkpoint/resnet50_8xb32_in1k_20210831-ea4938fc.pth 

backbone.layer4.0.downsample.0.weight - torch.Size([2048, 1024, 1, 1]): 
PretrainedInit: load from checkpoint/resnet50_8xb32_in1k_20210831-ea4938fc.pth 

backbone.layer4.0.downsample.1.weight - torch.Size([2048]): 
PretrainedInit: load from checkpoint/resnet50_8xb32_in1k_20210831-ea4938fc.pth 

backbone.layer4.0.downsample.1.bias - torch.Size([2048]): 
PretrainedInit: load from checkpoint/resnet50_8xb32_in1k_20210831-ea4938fc.pth 

backbone.layer4.1.conv1.weight - torch.Size([512, 2048, 1, 1]): 
PretrainedInit: load from checkpoint/resnet50_8xb32_in1k_20210831-ea4938fc.pth 

backbone.layer4.1.bn1.weight - torch.Size([512]): 
PretrainedInit: load from checkpoint/resnet50_8xb32_in1k_20210831-ea4938fc.pth 

backbone.layer4.1.bn1.bias - torch.Size([512]): 
PretrainedInit: load from checkpoint/resnet50_8xb32_in1k_20210831-ea4938fc.pth 

backbone.layer4.1.conv2.weight - torch.Size([512, 512, 3, 3]): 
PretrainedInit: load from checkpoint/resnet50_8xb32_in1k_20210831-ea4938fc.pth 

backbone.layer4.1.bn2.weight - torch.Size([512]): 
PretrainedInit: load from checkpoint/resnet50_8xb32_in1k_20210831-ea4938fc.pth 

backbone.layer4.1.bn2.bias - torch.Size([512]): 
PretrainedInit: load from checkpoint/resnet50_8xb32_in1k_20210831-ea4938fc.pth 

backbone.layer4.1.conv3.weight - torch.Size([2048, 512, 1, 1]): 
PretrainedInit: load from checkpoint/resnet50_8xb32_in1k_20210831-ea4938fc.pth 

backbone.layer4.1.bn3.weight - torch.Size([2048]): 
PretrainedInit: load from checkpoint/resnet50_8xb32_in1k_20210831-ea4938fc.pth 

backbone.layer4.1.bn3.bias - torch.Size([2048]): 
PretrainedInit: load from checkpoint/resnet50_8xb32_in1k_20210831-ea4938fc.pth 

backbone.layer4.2.conv1.weight - torch.Size([512, 2048, 1, 1]): 
PretrainedInit: load from checkpoint/resnet50_8xb32_in1k_20210831-ea4938fc.pth 

backbone.layer4.2.bn1.weight - torch.Size([512]): 
PretrainedInit: load from checkpoint/resnet50_8xb32_in1k_20210831-ea4938fc.pth 

backbone.layer4.2.bn1.bias - torch.Size([512]): 
PretrainedInit: load from checkpoint/resnet50_8xb32_in1k_20210831-ea4938fc.pth 

backbone.layer4.2.conv2.weight - torch.Size([512, 512, 3, 3]): 
PretrainedInit: load from checkpoint/resnet50_8xb32_in1k_20210831-ea4938fc.pth 

backbone.layer4.2.bn2.weight - torch.Size([512]): 
PretrainedInit: load from checkpoint/resnet50_8xb32_in1k_20210831-ea4938fc.pth 

backbone.layer4.2.bn2.bias - torch.Size([512]): 
PretrainedInit: load from checkpoint/resnet50_8xb32_in1k_20210831-ea4938fc.pth 

backbone.layer4.2.conv3.weight - torch.Size([2048, 512, 1, 1]): 
PretrainedInit: load from checkpoint/resnet50_8xb32_in1k_20210831-ea4938fc.pth 

backbone.layer4.2.bn3.weight - torch.Size([2048]): 
PretrainedInit: load from checkpoint/resnet50_8xb32_in1k_20210831-ea4938fc.pth 

backbone.layer4.2.bn3.bias - torch.Size([2048]): 
PretrainedInit: load from checkpoint/resnet50_8xb32_in1k_20210831-ea4938fc.pth 

head.fc.weight - torch.Size([5, 2048]): 
NormalInit: mean=0, std=0.01, bias=0 

head.fc.bias - torch.Size([5]): 
NormalInit: mean=0, std=0.01, bias=0 
2022-05-07 10:37:22,415 - mmcls - INFO - load checkpoint from local path: checkpoint/resnet50_8xb32_in1k_20210831-ea4938fc.pth
2022-05-07 10:37:22,492 - mmcls - WARNING - The model and loaded state dict do not match exactly

size mismatch for head.fc.weight: copying a param with shape torch.Size([1000, 2048]) from checkpoint, the shape in current model is torch.Size([5, 2048]).
size mismatch for head.fc.bias: copying a param with shape torch.Size([1000]) from checkpoint, the shape in current model is torch.Size([5]).
2022-05-07 10:37:22,492 - mmcls - INFO - Start running, host: znk@inspiron, work_dir: /home/znk/桌面/image-processing-by-dl/mmclassification/work_dirs/resnet50_1xb32_flower
2022-05-07 10:37:22,493 - mmcls - INFO - Hooks will be executed in the following order:
before_run:
(VERY_HIGH   ) StepLrUpdaterHook                  
(NORMAL      ) CheckpointHook                     
(LOW         ) EvalHook                           
(VERY_LOW    ) TextLoggerHook                     
 -------------------- 
before_train_epoch:
(VERY_HIGH   ) StepLrUpdaterHook                  
(LOW         ) IterTimerHook                      
(LOW         ) EvalHook                           
(VERY_LOW    ) TextLoggerHook                     
 -------------------- 
before_train_iter:
(VERY_HIGH   ) StepLrUpdaterHook                  
(LOW         ) IterTimerHook                      
(LOW         ) EvalHook                           
 -------------------- 
after_train_iter:
(ABOVE_NORMAL) OptimizerHook                      
(NORMAL      ) CheckpointHook                     
(LOW         ) IterTimerHook                      
(LOW         ) EvalHook                           
(VERY_LOW    ) TextLoggerHook                     
 -------------------- 
after_train_epoch:
(NORMAL      ) CheckpointHook                     
(LOW         ) EvalHook                           
(VERY_LOW    ) TextLoggerHook                     
 -------------------- 
before_val_epoch:
(LOW         ) IterTimerHook                      
(VERY_LOW    ) TextLoggerHook                     
 -------------------- 
before_val_iter:
(LOW         ) IterTimerHook                      
 -------------------- 
after_val_iter:
(LOW         ) IterTimerHook                      
 -------------------- 
after_val_epoch:
(VERY_LOW    ) TextLoggerHook                     
 -------------------- 
after_run:
(VERY_LOW    ) TextLoggerHook                     
 -------------------- 
2022-05-07 10:37:22,493 - mmcls - INFO - workflow: [('train', 1)], max: 5 epochs
2022-05-07 10:37:22,493 - mmcls - INFO - Checkpoints will be saved to /home/znk/桌面/image-processing-by-dl/mmclassification/work_dirs/resnet50_1xb32_flower by HardDiskBackend.
2022-05-07 10:37:27,313 - mmcls - INFO - Epoch [1][10/104]	lr: 5.000e-03, eta: 0:04:03, time: 0.477, data_time: 0.225, memory: 542, loss: 1.3010
2022-05-07 10:37:29,554 - mmcls - INFO - Epoch [1][20/104]	lr: 5.000e-03, eta: 0:02:55, time: 0.224, data_time: 0.006, memory: 542, loss: 0.6655
2022-05-07 10:37:31,796 - mmcls - INFO - Epoch [1][30/104]	lr: 5.000e-03, eta: 0:02:31, time: 0.224, data_time: 0.006, memory: 542, loss: 0.4688
2022-05-07 10:37:34,041 - mmcls - INFO - Epoch [1][40/104]	lr: 5.000e-03, eta: 0:02:17, time: 0.225, data_time: 0.006, memory: 542, loss: 0.5988
2022-05-07 10:37:36,288 - mmcls - INFO - Epoch [1][50/104]	lr: 5.000e-03, eta: 0:02:09, time: 0.225, data_time: 0.006, memory: 542, loss: 0.3619
2022-05-07 10:37:38,537 - mmcls - INFO - Epoch [1][60/104]	lr: 5.000e-03, eta: 0:02:02, time: 0.225, data_time: 0.006, memory: 542, loss: 0.4093
2022-05-07 10:37:40,788 - mmcls - INFO - Epoch [1][70/104]	lr: 5.000e-03, eta: 0:01:57, time: 0.225, data_time: 0.006, memory: 542, loss: 0.2869
2022-05-07 10:37:43,040 - mmcls - INFO - Epoch [1][80/104]	lr: 5.000e-03, eta: 0:01:52, time: 0.225, data_time: 0.006, memory: 542, loss: 0.3598
2022-05-07 10:37:45,292 - mmcls - INFO - Epoch [1][90/104]	lr: 5.000e-03, eta: 0:01:48, time: 0.225, data_time: 0.006, memory: 542, loss: 0.4130
2022-05-07 10:37:47,548 - mmcls - INFO - Epoch [1][100/104]	lr: 5.000e-03, eta: 0:01:44, time: 0.225, data_time: 0.006, memory: 542, loss: 0.4455
2022-05-07 10:37:48,285 - mmcls - INFO - Saving checkpoint at 1 epochs
2022-05-07 10:37:50,688 - mmcls - INFO - Epoch(val) [1][12]	accuracy_top-1: 92.5824
2022-05-07 10:37:55,073 - mmcls - INFO - Epoch [2][10/104]	lr: 5.000e-03, eta: 0:01:44, time: 0.433, data_time: 0.213, memory: 542, loss: 0.2242
2022-05-07 10:37:57,330 - mmcls - INFO - Epoch [2][20/104]	lr: 5.000e-03, eta: 0:01:40, time: 0.226, data_time: 0.006, memory: 542, loss: 0.2491
2022-05-07 10:37:59,590 - mmcls - INFO - Epoch [2][30/104]	lr: 5.000e-03, eta: 0:01:37, time: 0.226, data_time: 0.006, memory: 542, loss: 0.2875
2022-05-07 10:38:01,852 - mmcls - INFO - Epoch [2][40/104]	lr: 5.000e-03, eta: 0:01:34, time: 0.226, data_time: 0.006, memory: 542, loss: 0.2767
2022-05-07 10:38:04,117 - mmcls - INFO - Epoch [2][50/104]	lr: 5.000e-03, eta: 0:01:31, time: 0.227, data_time: 0.006, memory: 542, loss: 0.2198
2022-05-07 10:38:06,382 - mmcls - INFO - Epoch [2][60/104]	lr: 5.000e-03, eta: 0:01:28, time: 0.226, data_time: 0.006, memory: 542, loss: 0.1945
2022-05-07 10:38:08,647 - mmcls - INFO - Epoch [2][70/104]	lr: 5.000e-03, eta: 0:01:25, time: 0.226, data_time: 0.006, memory: 542, loss: 0.2715
2022-05-07 10:38:10,917 - mmcls - INFO - Epoch [2][80/104]	lr: 5.000e-03, eta: 0:01:22, time: 0.227, data_time: 0.006, memory: 542, loss: 0.2154
2022-05-07 10:38:13,216 - mmcls - INFO - Epoch [2][90/104]	lr: 5.000e-03, eta: 0:01:19, time: 0.230, data_time: 0.006, memory: 542, loss: 0.2287
2022-05-07 10:38:15,527 - mmcls - INFO - Epoch [2][100/104]	lr: 5.000e-03, eta: 0:01:17, time: 0.231, data_time: 0.006, memory: 542, loss: 0.1851
2022-05-07 10:38:16,285 - mmcls - INFO - Saving checkpoint at 2 epochs
2022-05-07 10:38:18,705 - mmcls - INFO - Epoch(val) [2][12]	accuracy_top-1: 92.3077
2022-05-07 10:38:23,105 - mmcls - INFO - Epoch [3][10/104]	lr: 5.000e-03, eta: 0:01:14, time: 0.434, data_time: 0.211, memory: 542, loss: 0.2305
2022-05-07 10:38:25,451 - mmcls - INFO - Epoch [3][20/104]	lr: 5.000e-03, eta: 0:01:12, time: 0.234, data_time: 0.006, memory: 542, loss: 0.1892
2022-05-07 10:38:27,799 - mmcls - INFO - Epoch [3][30/104]	lr: 5.000e-03, eta: 0:01:09, time: 0.235, data_time: 0.006, memory: 542, loss: 0.2066
2022-05-07 10:38:30,146 - mmcls - INFO - Epoch [3][40/104]	lr: 5.000e-03, eta: 0:01:07, time: 0.234, data_time: 0.006, memory: 542, loss: 0.2022
2022-05-07 10:38:32,494 - mmcls - INFO - Epoch [3][50/104]	lr: 5.000e-03, eta: 0:01:04, time: 0.235, data_time: 0.006, memory: 542, loss: 0.1502
2022-05-07 10:38:34,839 - mmcls - INFO - Epoch [3][60/104]	lr: 5.000e-03, eta: 0:01:01, time: 0.234, data_time: 0.006, memory: 542, loss: 0.1642
2022-05-07 10:38:37,183 - mmcls - INFO - Epoch [3][70/104]	lr: 5.000e-03, eta: 0:00:59, time: 0.234, data_time: 0.006, memory: 542, loss: 0.2027
2022-05-07 10:38:39,528 - mmcls - INFO - Epoch [3][80/104]	lr: 5.000e-03, eta: 0:00:56, time: 0.234, data_time: 0.006, memory: 542, loss: 0.1748
2022-05-07 10:38:41,873 - mmcls - INFO - Epoch [3][90/104]	lr: 5.000e-03, eta: 0:00:54, time: 0.234, data_time: 0.006, memory: 542, loss: 0.1614
2022-05-07 10:38:44,218 - mmcls - INFO - Epoch [3][100/104]	lr: 5.000e-03, eta: 0:00:51, time: 0.235, data_time: 0.006, memory: 542, loss: 0.1861
2022-05-07 10:38:44,984 - mmcls - INFO - Saving checkpoint at 3 epochs
2022-05-07 10:38:47,357 - mmcls - INFO - Epoch(val) [3][12]	accuracy_top-1: 93.4066
2022-05-07 10:38:51,832 - mmcls - INFO - Epoch [4][10/104]	lr: 5.000e-04, eta: 0:00:48, time: 0.442, data_time: 0.213, memory: 542, loss: 0.1519
2022-05-07 10:38:54,180 - mmcls - INFO - Epoch [4][20/104]	lr: 5.000e-04, eta: 0:00:46, time: 0.235, data_time: 0.006, memory: 542, loss: 0.0946
2022-05-07 10:38:56,525 - mmcls - INFO - Epoch [4][30/104]	lr: 5.000e-04, eta: 0:00:43, time: 0.234, data_time: 0.006, memory: 542, loss: 0.1584
2022-05-07 10:38:58,869 - mmcls - INFO - Epoch [4][40/104]	lr: 5.000e-04, eta: 0:00:41, time: 0.234, data_time: 0.006, memory: 542, loss: 0.1198
2022-05-07 10:39:01,214 - mmcls - INFO - Epoch [4][50/104]	lr: 5.000e-04, eta: 0:00:38, time: 0.234, data_time: 0.006, memory: 542, loss: 0.1239
2022-05-07 10:39:03,558 - mmcls - INFO - Epoch [4][60/104]	lr: 5.000e-04, eta: 0:00:36, time: 0.234, data_time: 0.006, memory: 542, loss: 0.1245
2022-05-07 10:39:05,904 - mmcls - INFO - Epoch [4][70/104]	lr: 5.000e-04, eta: 0:00:33, time: 0.235, data_time: 0.006, memory: 542, loss: 0.0853
2022-05-07 10:39:08,249 - mmcls - INFO - Epoch [4][80/104]	lr: 5.000e-04, eta: 0:00:31, time: 0.235, data_time: 0.006, memory: 542, loss: 0.1030
2022-05-07 10:39:10,596 - mmcls - INFO - Epoch [4][90/104]	lr: 5.000e-04, eta: 0:00:28, time: 0.235, data_time: 0.006, memory: 542, loss: 0.1359
2022-05-07 10:39:12,944 - mmcls - INFO - Epoch [4][100/104]	lr: 5.000e-04, eta: 0:00:26, time: 0.235, data_time: 0.007, memory: 542, loss: 0.1230
2022-05-07 10:39:13,711 - mmcls - INFO - Saving checkpoint at 4 epochs
2022-05-07 10:39:16,139 - mmcls - INFO - Epoch(val) [4][12]	accuracy_top-1: 93.9560
2022-05-07 10:39:20,604 - mmcls - INFO - Epoch [5][10/104]	lr: 5.000e-04, eta: 0:00:23, time: 0.440, data_time: 0.212, memory: 542, loss: 0.0891
2022-05-07 10:39:22,948 - mmcls - INFO - Epoch [5][20/104]	lr: 5.000e-04, eta: 0:00:20, time: 0.234, data_time: 0.006, memory: 542, loss: 0.0769
2022-05-07 10:39:25,293 - mmcls - INFO - Epoch [5][30/104]	lr: 5.000e-04, eta: 0:00:18, time: 0.235, data_time: 0.006, memory: 542, loss: 0.0927
2022-05-07 10:39:27,638 - mmcls - INFO - Epoch [5][40/104]	lr: 5.000e-04, eta: 0:00:15, time: 0.234, data_time: 0.006, memory: 542, loss: 0.1081
2022-05-07 10:39:29,981 - mmcls - INFO - Epoch [5][50/104]	lr: 5.000e-04, eta: 0:00:13, time: 0.234, data_time: 0.006, memory: 542, loss: 0.1236
2022-05-07 10:39:32,326 - mmcls - INFO - Epoch [5][60/104]	lr: 5.000e-04, eta: 0:00:10, time: 0.235, data_time: 0.006, memory: 542, loss: 0.1168
2022-05-07 10:39:34,670 - mmcls - INFO - Epoch [5][70/104]	lr: 5.000e-04, eta: 0:00:08, time: 0.234, data_time: 0.006, memory: 542, loss: 0.0889
2022-05-07 10:39:37,015 - mmcls - INFO - Epoch [5][80/104]	lr: 5.000e-04, eta: 0:00:05, time: 0.235, data_time: 0.006, memory: 542, loss: 0.1052
2022-05-07 10:39:39,360 - mmcls - INFO - Epoch [5][90/104]	lr: 5.000e-04, eta: 0:00:03, time: 0.235, data_time: 0.006, memory: 542, loss: 0.1019
2022-05-07 10:39:41,705 - mmcls - INFO - Epoch [5][100/104]	lr: 5.000e-04, eta: 0:00:00, time: 0.234, data_time: 0.006, memory: 542, loss: 0.1173
2022-05-07 10:39:42,472 - mmcls - INFO - Saving checkpoint at 5 epochs
2022-05-07 10:39:44,889 - mmcls - INFO - Epoch(val) [5][12]	accuracy_top-1: 93.9560
